<?xml version="1.0" encoding="UTF-8"?>
<!-- Generated by org.testng.reporters.JUnitXMLReporter -->
<testsuite ignored="3" hostname="Sallu" failures="0" tests="1" name="Default test" time="15.34" errors="0" timestamp="2024-09-06T00:25:16 BDT">
  <testcase classname="locators.Xpath" name="linkXpath" time="0.704"/>
  <testcase classname="locators.Xpath" name="LoginXpath" time="0.0">
    <ignored/>
  </testcase> <!-- LoginXpath -->
  <testcase classname="locators.Xpath" name="gettextXpath" time="0.0">
    <ignored/>
  </testcase> <!-- gettextXpath -->
  <testcase classname="locators.Xpath" name="HeadingXpathLoop" time="0.0">
    <ignored/>
  </testcase> <!-- HeadingXpathLoop -->
</testsuite> <!-- Default test -->
