<?xml version="1.0" encoding="UTF-8"?>
<!-- Generated by org.testng.reporters.JUnitXMLReporter -->
<testsuite ignored="1" hostname="Sallu" failures="0" tests="1" name="Default test" time="12.262" errors="0" timestamp="2024-09-09T23:39:34 BDT">
  <testcase classname="pomWithPageFactory.Pf_LoginTest" name="XpathLoop" time="0.244"/>
  <testcase classname="pomWithPageFactory.Pf_LoginTest" name="loginTest" time="0.0">
    <ignored/>
  </testcase> <!-- loginTest -->
</testsuite> <!-- Default test -->
