<?xml version="1.0" encoding="UTF-8"?>
<testng-results ignored="0" total="1" passed="1" failed="0" skipped="0">
  <reporter-output>
  </reporter-output>
  <suite started-at="2024-09-22T14:48:22 BDT" name="Default suite" finished-at="2024-09-22T14:48:33 BDT" duration-ms="11225">
    <groups>
    </groups>
    <test started-at="2024-09-22T14:48:22 BDT" name="Default test" finished-at="2024-09-22T14:48:33 BDT" duration-ms="11225">
      <class name="pomWithPageFactory.Pf_LoginTest">
        <test-method is-config="true" signature="openApp()[pri:0, instance:pomWithPageFactory.Pf_LoginTest@436813f3]" started-at="2024-09-22T14:48:22 BDT" name="openApp" finished-at="2024-09-22T14:48:33 BDT" duration-ms="10992" status="PASS">
          <reporter-output>
          </reporter-output>
        </test-method> <!-- openApp -->
        <test-method signature="XpathLoop()[pri:0, instance:pomWithPageFactory.Pf_LoginTest@436813f3]" started-at="2024-09-22T14:48:33 BDT" name="XpathLoop" finished-at="2024-09-22T14:48:33 BDT" duration-ms="152" status="PASS">
          <reporter-output>
          </reporter-output>
        </test-method> <!-- XpathLoop -->
      </class> <!-- pomWithPageFactory.Pf_LoginTest -->
    </test> <!-- Default test -->
  </suite> <!-- Default suite -->
</testng-results>
