<?xml version="1.0" encoding="UTF-8"?>
<testng-results ignored="0" total="1" passed="1" failed="0" skipped="0">
  <reporter-output>
  </reporter-output>
  <suite started-at="2024-09-05T16:53:44 BDT" name="Default suite" finished-at="2024-09-05T16:54:08 BDT" duration-ms="24241">
    <groups>
    </groups>
    <test started-at="2024-09-05T16:53:44 BDT" name="Default test" finished-at="2024-09-05T16:54:08 BDT" duration-ms="24241">
      <class name="pageObjectModel.LoginTest">
        <test-method is-config="true" signature="openBankOfAmerica()[pri:0, instance:pageObjectModel.LoginTest@8f4ea7c]" started-at="2024-09-05T16:53:44 BDT" name="openBankOfAmerica" finished-at="2024-09-05T16:53:56 BDT" duration-ms="11685" status="PASS">
          <reporter-output>
          </reporter-output>
        </test-method> <!-- openBankOfAmerica -->
        <test-method signature="validLoginTest()[pri:0, instance:pageObjectModel.LoginTest@8f4ea7c]" started-at="2024-09-05T16:53:56 BDT" name="validLoginTest" finished-at="2024-09-05T16:54:08 BDT" duration-ms="12487" status="PASS">
          <reporter-output>
          </reporter-output>
        </test-method> <!-- validLoginTest -->
      </class> <!-- pageObjectModel.LoginTest -->
    </test> <!-- Default test -->
  </suite> <!-- Default suite -->
</testng-results>
